<?xml version="1.0" encoding="UTF-8"?>
<!-- Generated by org.testng.reporters.JUnitReportReporter -->
<testsuite skipped="0" hostname="DESKTOP-3CN6814" name="com.comcast.createOrg.CreateContectTest" tests="3" failures="0" timestamp="2021-09-22T13:57:47 IST" time="0.008" errors="0">
  <testcase name="creatContectWithOrgTest" time="0.001" classname="com.comcast.createOrg.CreateContectTest"/>
  <system-out/>
  <testcase name="deleatContectTest" time="0.001" classname="com.comcast.createOrg.CreateContectTest"/>
  <system-out/>
  <testcase name="creatContectTest" time="0.006" classname="com.comcast.createOrg.CreateContectTest"/>
  <system-out/>
</testsuite> <!-- com.comcast.createOrg.CreateContectTest -->
