<?xml version="1.0" encoding="UTF-8"?>
<!-- Generated by org.testng.reporters.JUnitReportReporter -->
<testsuite hostname="DESKTOP-3CN6814" failures="0" tests="2" name="com.comcast.createOrg.CreateContectTest" time="0.008" errors="0" timestamp="2021-09-23T15:24:38 IST" skipped="0">
  <testcase classname="com.comcast.createOrg.CreateContectTest" name="deleatContectTest" time="0.007"/>
  <system-out/>
  <testcase classname="com.comcast.createOrg.CreateContectTest" name="serchContectTest" time="0.001"/>
  <system-out/>
</testsuite> <!-- com.comcast.createOrg.CreateContectTest -->
