<?xml version="1.0" encoding="UTF-8"?>
<!-- Generated by org.testng.reporters.JUnitReportReporter -->
<testsuite hostname="DESKTOP-3CN6814" failures="0" tests="2" name="com.comcast.orgTest.OrgTest" time="0.002" errors="0" timestamp="2021-09-23T15:24:38 IST" skipped="0">
  <testcase classname="com.comcast.orgTest.OrgTest" name="deleatOrgTest" time="0.001"/>
  <system-out/>
  <testcase classname="com.comcast.orgTest.OrgTest" name="creatContectOrgTest" time="0.001"/>
  <system-out/>
</testsuite> <!-- com.comcast.orgTest.OrgTest -->
