<?xml version="1.0" encoding="UTF-8"?>
<!-- Generated by org.testng.reporters.JUnitReportReporter -->
<testsuite skipped="0" hostname="DESKTOP-3CN6814" name="com.comcast.orgTest.OrgTest" tests="3" failures="0" timestamp="2021-09-22T13:57:38 IST" time="0.008" errors="0">
  <testcase name="creatOrgTest" time="0.001" classname="com.comcast.orgTest.OrgTest"/>
  <system-out/>
  <testcase name="deleatOrgTest" time="0.000" classname="com.comcast.orgTest.OrgTest"/>
  <system-out/>
  <testcase name="creatContectOrgTest" time="0.007" classname="com.comcast.orgTest.OrgTest"/>
  <system-out/>
</testsuite> <!-- com.comcast.orgTest.OrgTest -->
